[debug] [2021-10-03T20:38:16.603Z] ----------------------------------------------------------------------
[debug] [2021-10-03T20:38:16.605Z] Command:       /usr/local/Cellar/node/12.6.0/bin/node /usr/local/bin/firebase init
[debug] [2021-10-03T20:38:16.606Z] CLI Version:   9.19.0
[debug] [2021-10-03T20:38:16.606Z] Platform:      darwin
[debug] [2021-10-03T20:38:16.606Z] Node Version:  v12.6.0
[debug] [2021-10-03T20:38:16.607Z] Time:          Sun Oct 03 2021 16:38:16 GMT-0400 (Eastern Daylight Time)
[debug] [2021-10-03T20:38:16.607Z] ----------------------------------------------------------------------
[debug] 
[debug] [2021-10-03T20:38:16.618Z] > command requires scopes: ["email","openid","https://www.googleapis.com/auth/cloudplatformprojects.readonly","https://www.googleapis.com/auth/firebase","https://www.googleapis.com/auth/cloud-platform"]
[debug] [2021-10-03T20:38:16.618Z] > authorizing via signed-in user (taylorwmason@gmail.com)
[info] 
     ######## #### ########  ######## ########     ###     ######  ########
     ##        ##  ##     ## ##       ##     ##  ##   ##  ##       ##
     ######    ##  ########  ######   ########  #########  ######  ######
     ##        ##  ##    ##  ##       ##     ## ##     ##       ## ##
     ##       #### ##     ## ######## ########  ##     ##  ######  ########

You're about to initialize a Firebase project in this directory:

  /Users/tmas/Develop/paid/check-out

[info] 
=== Project Setup
[info] 
[info] First, let's associate this project directory with a Firebase project.
[info] You can create multiple project aliases by running firebase use --add, 
[info] but for now we'll just set up a default project.
[info] 
[debug] [2021-10-03T20:40:25.515Z] >>> [apiv2][query] GET https://firebase.googleapis.com/v1beta1/projects pageSize=100
[debug] [2021-10-03T20:40:25.973Z] <<< [apiv2][status] GET https://firebase.googleapis.com/v1beta1/projects 200
[debug] [2021-10-03T20:40:25.973Z] <<< [apiv2][body] GET https://firebase.googleapis.com/v1beta1/projects [omitted]
[info] i  Using project outseer-demo (outseer-demo) 
[info] 
=== Hosting Setup
[info] 
[info] Your public directory is the folder (relative to your project directory) that
[info] will contain Hosting assets to be uploaded with firebase deploy. If you
[info] have a build process for your assets, use your build's output directory.
[info] 
[debug] [2021-10-03T20:45:32.973Z] >>> [apiv2][query] GET https://www.gstatic.com/firebasejs/releases.json [none]
[debug] [2021-10-03T20:45:33.037Z] <<< [apiv2][status] GET https://www.gstatic.com/firebasejs/releases.json 200
[debug] [2021-10-03T20:45:33.037Z] <<< [apiv2][body] GET https://www.gstatic.com/firebasejs/releases.json {"current":{"version":"9.1.1","browserURL":"https://www.gstatic.com/firebasejs/9.1.1/firebase.js","packageURL":"https://www.gstatic.com/firebasejs/9.1.1/firebase.tgz"},"live":{"version":"9.1","browserURL":"https://www.gstatic.com/firebasejs/live/9.1/firebase.js","packageURL":"https://www.gstatic.com/firebasejs/live/9.1/firebase.tgz"},"components":{"analytics":"https://www.gstatic.com/firebasejs/9.1.1/firebase-analytics.js","app":"https://www.gstatic.com/firebasejs/9.1.1/firebase-app.js","app-check":"https://www.gstatic.com/firebasejs/9.1.1/firebase-app-check.js","auth":"https://www.gstatic.com/firebasejs/9.1.1/firebase-auth.js","auth/cordova":"https://www.gstatic.com/firebasejs/9.1.1/firebase-auth/cordova.js","auth/react-native":"https://www.gstatic.com/firebasejs/9.1.1/firebase-auth/react-native.js","functions":"https://www.gstatic.com/firebasejs/9.1.1/firebase-functions.js","firestore":"https://www.gstatic.com/firebasejs/9.1.1/firebase-firestore.js","firestore/lite":"https://www.gstatic.com/firebasejs/9.1.1/firebase-firestore/lite.js","storage":"https://www.gstatic.com/firebasejs/9.1.1/firebase-storage.js","performance":"https://www.gstatic.com/firebasejs/9.1.1/firebase-performance.js","remote-config":"https://www.gstatic.com/firebasejs/9.1.1/firebase-remote-config.js","messaging":"https://www.gstatic.com/firebasejs/9.1.1/firebase-messaging.js","messaging/sw":"https://www.gstatic.com/firebasejs/9.1.1/firebase-messaging/sw.js","database":"https://www.gstatic.com/firebasejs/9.1.1/firebase-database.js","firestore.memory":"https://www.gstatic.com/firebasejs/9.1.1/firebase-firestore.memory.js"}}
[info] ✔  Wrote dist/index.html 
[info] 
[info] i  Detected a .git folder at /Users/tmas/Develop/paid/check-out 
[info] i  Authorizing with GitHub to upload your service account to a GitHub repository's secrets store. 
[info] 
[info] Visit this URL on this device to log in:
[info] https://github.com/login/oauth/authorize?client_id=89cf50f02ac6aaed3484&state=102038463&redirect_uri=http%3A%2F%2Flocalhost%3A9005&scope=read%3Auser%20repo%20public_repo
[info] 
[info] Waiting for authentication...
[debug] [2021-10-03T20:47:20.388Z] >>> HTTP REQUEST POST https://github.com/login/oauth/access_token  
 {"client_id":"89cf50f02ac6aaed3484","client_secret":"3330d14abc895d9a74d5f17cd7a00711fa2c5bf0","code":"845260e91fa9e7454ae7","redirect_uri":"http://localhost:9005","state":"102038463"}
[debug] [2021-10-03T20:47:20.789Z] <<< HTTP RESPONSE 200 {"server":"GitHub.com","date":"Sun, 03 Oct 2021 20:47:20 GMT","content-type":"application/json; charset=utf-8","transfer-encoding":"chunked","vary":"X-PJAX, X-PJAX-Container, Accept-Encoding, Accept, X-Requested-With","permissions-policy":"interest-cohort=()","etag":"W/\"cc6e34983bd8362694a66ce7f4f6a9a5\"","cache-control":"max-age=0, private, must-revalidate","strict-transport-security":"max-age=31536000; includeSubdomains; preload","x-frame-options":"deny","x-content-type-options":"nosniff","x-xss-protection":"0","referrer-policy":"origin-when-cross-origin, strict-origin-when-cross-origin","expect-ct":"max-age=2592000, report-uri=\"https://api.github.com/_private/browser/errors\"","content-security-policy":"default-src 'none'; base-uri 'self'; block-all-mixed-content; child-src github.com/assets-cdn/worker/ gist.github.com/assets-cdn/worker/; connect-src 'self' uploads.github.com www.githubstatus.com collector.githubapp.com api.github.com github-cloud.s3.amazonaws.com github-production-repository-file-5c1aeb.s3.amazonaws.com github-production-upload-manifest-file-7fdce7.s3.amazonaws.com github-production-user-asset-6210df.s3.amazonaws.com cdn.optimizely.com logx.optimizely.com/v1/events translator.github.com wss://alive.github.com; font-src github.githubassets.com; form-action 'self' github.com gist.github.com; frame-ancestors 'none'; frame-src render.githubusercontent.com viewscreen.githubusercontent.com viewscreen-lab.githubusercontent.com; img-src 'self' data: github.githubassets.com identicons.github.com collector.githubapp.com github-cloud.s3.amazonaws.com secured-user-images.githubusercontent.com/ *.githubusercontent.com; manifest-src 'self'; media-src github.com user-images.githubusercontent.com/; script-src github.githubassets.com; style-src 'unsafe-inline' github.githubassets.com; worker-src github.com/assets-cdn/worker/ gist.github.com/assets-cdn/worker/ github.com/socket-worker-0af8a29d.js gist.github.com/socket-worker-0af8a29d.js","x-github-request-id":"C608:9E85:238BE96:251DAF4:615A16D8"}
[debug] [2021-10-03T20:47:20.794Z] >>> [apiv2][query] GET https://api.github.com/user [none]
[debug] [2021-10-03T20:47:21.214Z] <<< [apiv2][status] GET https://api.github.com/user 200
[debug] [2021-10-03T20:47:21.214Z] <<< [apiv2][body] GET https://api.github.com/user {"login":"heytheretaylor","id":13280179,"node_id":"MDQ6VXNlcjEzMjgwMTc5","avatar_url":"https://avatars.githubusercontent.com/u/13280179?v=4","gravatar_id":"","url":"https://api.github.com/users/heytheretaylor","html_url":"https://github.com/heytheretaylor","followers_url":"https://api.github.com/users/heytheretaylor/followers","following_url":"https://api.github.com/users/heytheretaylor/following{/other_user}","gists_url":"https://api.github.com/users/heytheretaylor/gists{/gist_id}","starred_url":"https://api.github.com/users/heytheretaylor/starred{/owner}{/repo}","subscriptions_url":"https://api.github.com/users/heytheretaylor/subscriptions","organizations_url":"https://api.github.com/users/heytheretaylor/orgs","repos_url":"https://api.github.com/users/heytheretaylor/repos","events_url":"https://api.github.com/users/heytheretaylor/events{/privacy}","received_events_url":"https://api.github.com/users/heytheretaylor/received_events","type":"User","site_admin":false,"name":"Taylor Mason","company":null,"blog":"","location":null,"email":null,"hireable":null,"bio":null,"twitter_username":null,"public_repos":19,"public_gists":2,"followers":1,"following":0,"created_at":"2015-07-10T20:34:02Z","updated_at":"2021-07-09T15:24:30Z","private_gists":0,"total_private_repos":0,"owned_private_repos":0,"disk_usage":3288,"collaborators":0,"two_factor_authentication":false,"plan":{"name":"free","space":976562499,"collaborators":0,"private_repos":10000}}
[info] 
[info] ✔  Success! Logged into GitHub as heytheretaylor 
[info] 
